<?xml version='1.0'?>
<rep:report 
  xmlns:rep='http://inca.sdsc.edu/dataModel/report_2.1'>
  <gmt>2007-02-22T18:05:37Z</gmt>
  <hostname>client64-51.sdsc.edu</hostname>
  <name>grid.globus.gramPing</name>
  <version>2</version>
  <workingDir>/Users/ssmallen</workingDir>
  <reporterPath>grid.globus.gramPing-2</reporterPath>
  <args>
    <arg>
      <name>help</name>
      <value>no</value>
    </arg>
    <arg>
      <name>host</name>
      <value>localhost</value>
    </arg>
    <arg>
      <name>log</name>
      <value>3</value>
    </arg>
    <arg>
      <name>verbose</name>
      <value>1</value>
    </arg>
    <arg>
      <name>version</name>
      <value>no</value>
    </arg>
  </args>
  <log>
    <system>
      <gmt>2007-02-22T18:05:36Z</gmt>
      <message>globusrun -a -r localhost</message>
    </system>
  </log>
  <body>
    <unitTest>
      <ID>gramPing</ID>
    </unitTest>
  </body>
  <exitStatus>
    <completed>true</completed>
  </exitStatus>
</rep:report>
